<?xml version="1.0" encoding="UTF-8"?>
<testsuite xmlns:xsi="http://www.w3.org/2001/XMLSchema-instance" xsi:noNamespaceSchemaLocation="https://maven.apache.org/surefire/maven-surefire-plugin/xsd/surefire-test-report-3.0.xsd" version="3.0" name="com.calculator.CalculatorTest" time="0.124" tests="8" errors="0" skipped="0" failures="0">
  <properties>
[...]
</properties>
  <testcase name="testMultiplication" classname="com.calculator.CalculatorTest" time="0.046"/>
  <testcase name="testAddition" classname="com.calculator.CalculatorTest" time="0.003"/>
  <testcase name="testSubtractionException" classname="com.calculator.CalculatorTest" time="0.006"/>
  <testcase name="testMultiplicationException" classname="com.calculator.CalculatorTest" time="0.007"/>
  <testcase name="testDivisionException" classname="com.calculator.CalculatorTest" time="0.005"/>
  <testcase name="testDivision" classname="com.calculator.CalculatorTest" time="0.005"/>
  <testcase name="testSubtraction" classname="com.calculator.CalculatorTest" time="0.001"/>
  <testcase name="testAdditionException" classname="com.calculator.CalculatorTest" time="0.001"/>
</testsuite>